[
  {
    "level": "INFO",
    "message": "android.ndkVersion from module build.gradle is 21.2.6472646"
  },
  {
    "level": "INFO",
    "message": "ndk.dir in local.properties is not set"
  },
  {
    "level": "INFO",
    "message": "ANDROID_NDK_HOME environment variable is not set"
  },
  {
    "level": "INFO",
    "message": "sdkFolder is /Users/tan/Library/Android/sdk"
  },
  {
    "level": "INFO",
    "message": "Considering /Users/tan/Library/Android/sdk/ndk-bundle in SDK ndk-bundle folder"
  },
  {
    "level": "INFO",
    "message": "Considering /Users/tan/Library/Android/sdk/ndk/20.0.5594570 in SDK ndk folder"
  },
  {
    "level": "INFO",
    "message": "Rejected /Users/tan/Library/Android/sdk/ndk-bundle in SDK ndk-bundle folder because that location has no source.properties"
  },
  {
    "level": "INFO",
    "message": "Rejected /Users/tan/Library/Android/sdk/ndk/20.0.5594570 in SDK ndk folder because that NDK had version 20.0.5594570 which didn\u0027t match the requested version 21.2.6472646"
  },
  {
    "level": "ERROR",
    "message": "No version of NDK matched the requested version 21.2.6472646. Versions available locally: 20.0.5594570"
  }
]